<?xml version="1.0" encoding="UTF-8" ?>
<testsuite failures="0" time="0.038" errors="1" skipped="0" tests="1" name="com.validator.common.validation.TestGeneralValidators">
  <properties>
    <property name="java.runtime.name" value="Java(TM) SE Runtime Environment"/>
    <property name="sun.boot.library.path" value="c:\Java\jre\bin"/>
    <property name="java.vm.version" value="19.0-b09"/>
    <property name="java.vm.vendor" value="Sun Microsystems Inc."/>
    <property name="java.vendor.url" value="http://java.sun.com/"/>
    <property name="path.separator" value=";"/>
    <property name="java.vm.name" value="Java HotSpot(TM) Client VM"/>
    <property name="file.encoding.pkg" value="sun.io"/>
    <property name="user.country" value="IN"/>
    <property name="sun.java.launcher" value="SUN_STANDARD"/>
    <property name="sun.os.patch.level" value="Service Pack 1"/>
    <property name="java.vm.specification.name" value="Java Virtual Machine Specification"/>
    <property name="user.dir" value="F:\Workspaces\validator\common"/>
    <property name="java.runtime.version" value="1.6.0_23-b05"/>
    <property name="java.awt.graphicsenv" value="sun.awt.Win32GraphicsEnvironment"/>
    <property name="basedir" value="F:\Workspaces\validator\common"/>
    <property name="java.endorsed.dirs" value="c:\Java\jre\lib\endorsed"/>
    <property name="os.arch" value="x86"/>
    <property name="surefire.real.class.path" value="C:\Users\GAURAV~1\AppData\Local\Temp\surefirebooter2834220517597863393.jar"/>
    <property name="java.io.tmpdir" value="C:\Users\GAURAV~1\AppData\Local\Temp\"/>
    <property name="line.separator" value="
"/>
    <property name="java.vm.specification.vendor" value="Sun Microsystems Inc."/>
    <property name="user.variant" value=""/>
    <property name="os.name" value="Windows 7"/>
    <property name="sun.jnu.encoding" value="Cp1252"/>
    <property name="java.library.path" value="c:\Java\jre\bin;.;C:\Windows\Sun\Java\bin;C:\Windows\system32;C:\Windows;C:\Program Files\Common Files\Microsoft Shared\Windows Live;C:\Program Files (x86)\Common Files\Microsoft Shared\Windows Live;C:\Program Files (x86)\Intel\iCLS Client\;C:\Program Files\Intel\iCLS Client\;C:\Program Files\Dell\DW WLAN Card;;C:\Windows\system32;C:\Windows;C:\Windows\System32\Wbem;C:\Windows\System32\WindowsPowerShell\v1.0\;C:\Program Files\Intel\Intel(R) Management Engine Components\DAL;C:\Program Files\Intel\Intel(R) Management Engine Components\IPT;C:\Program Files (x86)\Intel\Intel(R) Management Engine Components\DAL;C:\Program Files (x86)\Intel\Intel(R) Management Engine Components\IPT;C:\Program Files\WIDCOMM\Bluetooth Software\;C:\Program Files\WIDCOMM\Bluetooth Software\syswow64;C:\Program Files\Dell\Dell Data Protection\Access\Advanced\Wave\Gemalto\Access Client\v5\;C:\Program Files (x86)\NTRU Cryptosystems\NTRU TCG Software Stack\bin\;C:\Program Files\NTRU Cryptosystems\NTRU TCG Software Stack\bin\;C:\Program Files (x86)\Windows Live\Shared;C:\install\ant-1.7.1\bin;C:\install\maven-2.2.1\bin;c:\Java\\bin;C:\install\svnkit-1.7.8\bin;C:\install\svn-win32-1.6.5\bin;F:\Softwares\Software Installations\TortoiseSVN\bin;C:\Program Files (x86)\Microsoft SQL Server\100\Tools\Binn\;C:\Program Files\Microsoft SQL Server\100\Tools\Binn\;C:\Program Files\Microsoft SQL Server\100\DTS\Binn\;C:\Program Files (x86)\Microsoft SQL Server\100\Tools\Binn\VSShell\Common7\IDE\;C:\Program Files (x86)\Microsoft SQL Server\100\DTS\Binn\;C:\Program Files (x86)\Microsoft Visual Studio 9.0\Common7\IDE\PrivateAssemblies\;C:\Sun\AppServer\bin"/>
    <property name="surefire.test.class.path" value="F:\Workspaces\validator\common\target\test-classes;F:\Workspaces\validator\common\target\classes;F:\Repository\repo\junit\junit\4.10\junit-4.10.jar;F:\Repository\repo\org\hamcrest\hamcrest-core\1.1\hamcrest-core-1.1.jar;F:\Repository\repo\javax\xml\bind\jaxb-api\2.1\jaxb-api-2.1.jar;F:\Repository\repo\javax\xml\stream\stax-api\1.0-2\stax-api-1.0-2.jar;F:\Repository\repo\javax\activation\activation\1.1\activation-1.1.jar;F:\Repository\repo\org\apache\commons\commons-lang3\3.1\commons-lang3-3.1.jar;F:\Repository\repo\log4j\log4j\1.2.15\log4j-1.2.15.jar;F:\Repository\repo\javax\mail\mail\1.4\mail-1.4.jar;F:\Repository\repo\javax\jms\jms\1.1\jms-1.1.jar;F:\Repository\repo\com\sun\jdmk\jmxtools\1.2.1\jmxtools-1.2.1.jar;F:\Repository\repo\com\sun\jmx\jmxri\1.2.1\jmxri-1.2.1.jar;F:\Repository\repo\com\google\inject\guice\3.0\guice-3.0.jar;F:\Repository\repo\javax\inject\javax.inject\1\javax.inject-1.jar;F:\Repository\repo\aopalliance\aopalliance\1.0\aopalliance-1.0.jar;F:\Repository\repo\org\codehaus\sonar\sonar-maven-plugin\3.4.1\sonar-maven-plugin-3.4.1.jar;F:\Repository\repo\org\apache\maven\shared\maven-dependency-tree\1.2\maven-dependency-tree-1.2.jar;F:\Repository\repo\org\apache\maven\maven-project\2.0.8\maven-project-2.0.8.jar;F:\Repository\repo\org\apache\maven\maven-settings\2.0.8\maven-settings-2.0.8.jar;F:\Repository\repo\org\apache\maven\maven-model\2.0.8\maven-model-2.0.8.jar;F:\Repository\repo\org\codehaus\plexus\plexus-utils\1.4.6\plexus-utils-1.4.6.jar;F:\Repository\repo\org\codehaus\plexus\plexus-container-default\1.0-alpha-9-stable-1\plexus-container-default-1.0-alpha-9-stable-1.jar;F:\Repository\repo\org\apache\maven\maven-profile\2.0.8\maven-profile-2.0.8.jar;F:\Repository\repo\org\apache\maven\maven-artifact-manager\2.0.8\maven-artifact-manager-2.0.8.jar;F:\Repository\repo\org\apache\maven\maven-repository-metadata\2.0.8\maven-repository-metadata-2.0.8.jar;F:\Repository\repo\org\apache\maven\maven-artifact\2.0.8\maven-artifact-2.0.8.jar;F:\Repository\repo\org\apache\maven\wagon\wagon-provider-api\1.0-beta-2\wagon-provider-api-1.0-beta-2.jar;F:\Repository\repo\org\apache\maven\maven-plugin-registry\2.0.8\maven-plugin-registry-2.0.8.jar;F:\Repository\repo\org\codehaus\sonar\sonar-batch\3.4.1\sonar-batch-3.4.1.jar;F:\Repository\repo\org\codehaus\sonar\sonar-core\3.4.1\sonar-core-3.4.1.jar;F:\Repository\repo\org\codehaus\sonar\sonar-plugin-api\3.4.1\sonar-plugin-api-3.4.1.jar;F:\Repository\repo\org\codehaus\sonar\sonar-check-api\3.4.1\sonar-check-api-3.4.1.jar;F:\Repository\repo\org\codehaus\sonar\sonar-colorizer\3.4.1\sonar-colorizer-3.4.1.jar;F:\Repository\repo\com\google\guava\guava\10.0.1\guava-10.0.1.jar;F:\Repository\repo\com\google\code\findbugs\jsr305\1.3.9\jsr305-1.3.9.jar;F:\Repository\repo\org\codehaus\sonar\sonar-channel\3.4.1\sonar-channel-3.4.1.jar;F:\Repository\repo\commons-io\commons-io\2.0.1\commons-io-2.0.1.jar;F:\Repository\repo\org\slf4j\slf4j-api\1.6.2\slf4j-api-1.6.2.jar;F:\Repository\repo\org\codehaus\sonar\sonar-duplications\3.4.1\sonar-duplications-3.4.1.jar;F:\Repository\repo\org\codehaus\sonar\sonar-graph\3.4.1\sonar-graph-3.4.1.jar;F:\Repository\repo\commons-lang\commons-lang\2.6\commons-lang-2.6.jar;F:\Repository\repo\org\codehaus\sonar\sonar-squid\3.4.1\sonar-squid-3.4.1.jar;F:\Repository\repo\org\picocontainer\picocontainer\2.14.1\picocontainer-2.14.1.jar;F:\Repository\repo\org\hibernate\hibernate-annotations\3.4.0.GA\hibernate-annotations-3.4.0.GA.jar;F:\Repository\repo\org\hibernate\ejb3-persistence\1.0.2.GA\ejb3-persistence-1.0.2.GA.jar;F:\Repository\repo\org\hibernate\hibernate-commons-annotations\3.1.0.GA\hibernate-commons-annotations-3.1.0.GA.jar;F:\Repository\repo\dom4j\dom4j\1.6.1\dom4j-1.6.1.jar;F:\Repository\repo\xml-apis\xml-apis\1.3.03\xml-apis-1.3.03.jar;F:\Repository\repo\commons-configuration\commons-configuration\1.6\commons-configuration-1.6.jar;F:\Repository\repo\commons-collections\commons-collections\3.1\commons-collections-3.1.jar;F:\Repository\repo\commons-digester\commons-digester\1.8\commons-digester-1.8.jar;F:\Repository\repo\commons-beanutils\commons-beanutils\1.7.0\commons-beanutils-1.7.0.jar;F:\Repository\repo\commons-codec\commons-codec\1.4\commons-codec-1.4.jar;F:\Repository\repo\jfree\jfreechart\1.0.9\jfreechart-1.0.9.jar;F:\Repository\repo\jfree\jcommon\1.0.12\jcommon-1.0.12.jar;F:\Repository\repo\org\slf4j\jcl-over-slf4j\1.6.2\jcl-over-slf4j-1.6.2.jar;F:\Repository\repo\org\slf4j\log4j-over-slf4j\1.6.2\log4j-over-slf4j-1.6.2.jar;F:\Repository\repo\com\thoughtworks\xstream\xstream\1.3.1\xstream-1.3.1.jar;F:\Repository\repo\xpp3\xpp3\1.1.3.3\xpp3-1.1.3.3.jar;F:\Repository\repo\org\codehaus\woodstox\woodstox-core-lgpl\4.0.4\woodstox-core-lgpl-4.0.4.jar;F:\Repository\repo\org\codehaus\woodstox\stax2-api\3.0.1\stax2-api-3.0.1.jar;F:\Repository\repo\org\codehaus\staxmate\staxmate\2.0.0\staxmate-2.0.0.jar;F:\Repository\repo\stax\stax-api\1.0.1\stax-api-1.0.1.jar;F:\Repository\repo\xerces\xercesImpl\2.8.1\xercesImpl-2.8.1.jar;F:\Repository\repo\xalan\xalan\2.7.1\xalan-2.7.1.jar;F:\Repository\repo\xalan\serializer\2.7.1\serializer-2.7.1.jar;F:\Repository\repo\org\mybatis\mybatis\3.1.1\mybatis-3.1.1.jar;F:\Repository\repo\org\codehaus\sonar\sonar-update-center-common\1.3\sonar-update-center-common-1.3.jar;F:\Repository\repo\org\hibernate\hibernate-core\3.3.2.GA\hibernate-core-3.3.2.GA.jar;F:\Repository\repo\antlr\antlr\2.7.6\antlr-2.7.6.jar;F:\Repository\repo\org\hibernate\hibernate-entitymanager\3.4.0.GA\hibernate-entitymanager-3.4.0.GA.jar;F:\Repository\repo\javassist\javassist\3.4.GA\javassist-3.4.GA.jar;F:\Repository\repo\geronimo-spec\geronimo-spec-jta\1.0-M1\geronimo-spec-jta-1.0-M1.jar;F:\Repository\repo\commons-dbcp\commons-dbcp\1.3\commons-dbcp-1.3.jar;F:\Repository\repo\commons-pool\commons-pool\1.5.4\commons-pool-1.5.4.jar;F:\Repository\repo\org\codehaus\plexus\plexus-classworlds\2.2.3\plexus-classworlds-2.2.3.jar;F:\Repository\repo\com\googlecode\json-simple\json-simple\1.1.1\json-simple-1.1.1.jar;F:\Repository\repo\ch\qos\logback\logback-classic\0.9.30\logback-classic-0.9.30.jar;F:\Repository\repo\ch\qos\logback\logback-core\0.9.30\logback-core-0.9.30.jar;F:\Repository\repo\org\codehaus\sonar\sonar-deprecated\3.4.1\sonar-deprecated-3.4.1.jar;F:\Repository\repo\org\codehaus\sonar\sonar-java-api\3.4.1\sonar-java-api-3.4.1.jar;F:\Repository\repo\com\google\code\gson\gson\2.2.2\gson-2.2.2.jar;F:\Repository\repo\com\h2database\h2\1.3.167\h2-1.3.167.jar;"/>
    <property name="java.specification.name" value="Java Platform API Specification"/>
    <property name="java.class.version" value="50.0"/>
    <property name="sun.management.compiler" value="HotSpot Client Compiler"/>
    <property name="os.version" value="6.1"/>
    <property name="user.home" value="C:\Users\gaurav1935"/>
    <property name="user.timezone" value=""/>
    <property name="java.awt.printerjob" value="sun.awt.windows.WPrinterJob"/>
    <property name="java.specification.version" value="1.6"/>
    <property name="file.encoding" value="Cp1252"/>
    <property name="user.name" value="gaurav1935"/>
    <property name="java.class.path" value="F:\Workspaces\validator\common\target\test-classes;F:\Workspaces\validator\common\target\classes;F:\Repository\repo\junit\junit\4.10\junit-4.10.jar;F:\Repository\repo\org\hamcrest\hamcrest-core\1.1\hamcrest-core-1.1.jar;F:\Repository\repo\javax\xml\bind\jaxb-api\2.1\jaxb-api-2.1.jar;F:\Repository\repo\javax\xml\stream\stax-api\1.0-2\stax-api-1.0-2.jar;F:\Repository\repo\javax\activation\activation\1.1\activation-1.1.jar;F:\Repository\repo\org\apache\commons\commons-lang3\3.1\commons-lang3-3.1.jar;F:\Repository\repo\log4j\log4j\1.2.15\log4j-1.2.15.jar;F:\Repository\repo\javax\mail\mail\1.4\mail-1.4.jar;F:\Repository\repo\javax\jms\jms\1.1\jms-1.1.jar;F:\Repository\repo\com\sun\jdmk\jmxtools\1.2.1\jmxtools-1.2.1.jar;F:\Repository\repo\com\sun\jmx\jmxri\1.2.1\jmxri-1.2.1.jar;F:\Repository\repo\com\google\inject\guice\3.0\guice-3.0.jar;F:\Repository\repo\javax\inject\javax.inject\1\javax.inject-1.jar;F:\Repository\repo\aopalliance\aopalliance\1.0\aopalliance-1.0.jar;F:\Repository\repo\org\codehaus\sonar\sonar-maven-plugin\3.4.1\sonar-maven-plugin-3.4.1.jar;F:\Repository\repo\org\apache\maven\shared\maven-dependency-tree\1.2\maven-dependency-tree-1.2.jar;F:\Repository\repo\org\apache\maven\maven-project\2.0.8\maven-project-2.0.8.jar;F:\Repository\repo\org\apache\maven\maven-settings\2.0.8\maven-settings-2.0.8.jar;F:\Repository\repo\org\apache\maven\maven-model\2.0.8\maven-model-2.0.8.jar;F:\Repository\repo\org\codehaus\plexus\plexus-utils\1.4.6\plexus-utils-1.4.6.jar;F:\Repository\repo\org\codehaus\plexus\plexus-container-default\1.0-alpha-9-stable-1\plexus-container-default-1.0-alpha-9-stable-1.jar;F:\Repository\repo\org\apache\maven\maven-profile\2.0.8\maven-profile-2.0.8.jar;F:\Repository\repo\org\apache\maven\maven-artifact-manager\2.0.8\maven-artifact-manager-2.0.8.jar;F:\Repository\repo\org\apache\maven\maven-repository-metadata\2.0.8\maven-repository-metadata-2.0.8.jar;F:\Repository\repo\org\apache\maven\maven-artifact\2.0.8\maven-artifact-2.0.8.jar;F:\Repository\repo\org\apache\maven\wagon\wagon-provider-api\1.0-beta-2\wagon-provider-api-1.0-beta-2.jar;F:\Repository\repo\org\apache\maven\maven-plugin-registry\2.0.8\maven-plugin-registry-2.0.8.jar;F:\Repository\repo\org\codehaus\sonar\sonar-batch\3.4.1\sonar-batch-3.4.1.jar;F:\Repository\repo\org\codehaus\sonar\sonar-core\3.4.1\sonar-core-3.4.1.jar;F:\Repository\repo\org\codehaus\sonar\sonar-plugin-api\3.4.1\sonar-plugin-api-3.4.1.jar;F:\Repository\repo\org\codehaus\sonar\sonar-check-api\3.4.1\sonar-check-api-3.4.1.jar;F:\Repository\repo\org\codehaus\sonar\sonar-colorizer\3.4.1\sonar-colorizer-3.4.1.jar;F:\Repository\repo\com\google\guava\guava\10.0.1\guava-10.0.1.jar;F:\Repository\repo\com\google\code\findbugs\jsr305\1.3.9\jsr305-1.3.9.jar;F:\Repository\repo\org\codehaus\sonar\sonar-channel\3.4.1\sonar-channel-3.4.1.jar;F:\Repository\repo\commons-io\commons-io\2.0.1\commons-io-2.0.1.jar;F:\Repository\repo\org\slf4j\slf4j-api\1.6.2\slf4j-api-1.6.2.jar;F:\Repository\repo\org\codehaus\sonar\sonar-duplications\3.4.1\sonar-duplications-3.4.1.jar;F:\Repository\repo\org\codehaus\sonar\sonar-graph\3.4.1\sonar-graph-3.4.1.jar;F:\Repository\repo\commons-lang\commons-lang\2.6\commons-lang-2.6.jar;F:\Repository\repo\org\codehaus\sonar\sonar-squid\3.4.1\sonar-squid-3.4.1.jar;F:\Repository\repo\org\picocontainer\picocontainer\2.14.1\picocontainer-2.14.1.jar;F:\Repository\repo\org\hibernate\hibernate-annotations\3.4.0.GA\hibernate-annotations-3.4.0.GA.jar;F:\Repository\repo\org\hibernate\ejb3-persistence\1.0.2.GA\ejb3-persistence-1.0.2.GA.jar;F:\Repository\repo\org\hibernate\hibernate-commons-annotations\3.1.0.GA\hibernate-commons-annotations-3.1.0.GA.jar;F:\Repository\repo\dom4j\dom4j\1.6.1\dom4j-1.6.1.jar;F:\Repository\repo\xml-apis\xml-apis\1.3.03\xml-apis-1.3.03.jar;F:\Repository\repo\commons-configuration\commons-configuration\1.6\commons-configuration-1.6.jar;F:\Repository\repo\commons-collections\commons-collections\3.1\commons-collections-3.1.jar;F:\Repository\repo\commons-digester\commons-digester\1.8\commons-digester-1.8.jar;F:\Repository\repo\commons-beanutils\commons-beanutils\1.7.0\commons-beanutils-1.7.0.jar;F:\Repository\repo\commons-codec\commons-codec\1.4\commons-codec-1.4.jar;F:\Repository\repo\jfree\jfreechart\1.0.9\jfreechart-1.0.9.jar;F:\Repository\repo\jfree\jcommon\1.0.12\jcommon-1.0.12.jar;F:\Repository\repo\org\slf4j\jcl-over-slf4j\1.6.2\jcl-over-slf4j-1.6.2.jar;F:\Repository\repo\org\slf4j\log4j-over-slf4j\1.6.2\log4j-over-slf4j-1.6.2.jar;F:\Repository\repo\com\thoughtworks\xstream\xstream\1.3.1\xstream-1.3.1.jar;F:\Repository\repo\xpp3\xpp3\1.1.3.3\xpp3-1.1.3.3.jar;F:\Repository\repo\org\codehaus\woodstox\woodstox-core-lgpl\4.0.4\woodstox-core-lgpl-4.0.4.jar;F:\Repository\repo\org\codehaus\woodstox\stax2-api\3.0.1\stax2-api-3.0.1.jar;F:\Repository\repo\org\codehaus\staxmate\staxmate\2.0.0\staxmate-2.0.0.jar;F:\Repository\repo\stax\stax-api\1.0.1\stax-api-1.0.1.jar;F:\Repository\repo\xerces\xercesImpl\2.8.1\xercesImpl-2.8.1.jar;F:\Repository\repo\xalan\xalan\2.7.1\xalan-2.7.1.jar;F:\Repository\repo\xalan\serializer\2.7.1\serializer-2.7.1.jar;F:\Repository\repo\org\mybatis\mybatis\3.1.1\mybatis-3.1.1.jar;F:\Repository\repo\org\codehaus\sonar\sonar-update-center-common\1.3\sonar-update-center-common-1.3.jar;F:\Repository\repo\org\hibernate\hibernate-core\3.3.2.GA\hibernate-core-3.3.2.GA.jar;F:\Repository\repo\antlr\antlr\2.7.6\antlr-2.7.6.jar;F:\Repository\repo\org\hibernate\hibernate-entitymanager\3.4.0.GA\hibernate-entitymanager-3.4.0.GA.jar;F:\Repository\repo\javassist\javassist\3.4.GA\javassist-3.4.GA.jar;F:\Repository\repo\geronimo-spec\geronimo-spec-jta\1.0-M1\geronimo-spec-jta-1.0-M1.jar;F:\Repository\repo\commons-dbcp\commons-dbcp\1.3\commons-dbcp-1.3.jar;F:\Repository\repo\commons-pool\commons-pool\1.5.4\commons-pool-1.5.4.jar;F:\Repository\repo\org\codehaus\plexus\plexus-classworlds\2.2.3\plexus-classworlds-2.2.3.jar;F:\Repository\repo\com\googlecode\json-simple\json-simple\1.1.1\json-simple-1.1.1.jar;F:\Repository\repo\ch\qos\logback\logback-classic\0.9.30\logback-classic-0.9.30.jar;F:\Repository\repo\ch\qos\logback\logback-core\0.9.30\logback-core-0.9.30.jar;F:\Repository\repo\org\codehaus\sonar\sonar-deprecated\3.4.1\sonar-deprecated-3.4.1.jar;F:\Repository\repo\org\codehaus\sonar\sonar-java-api\3.4.1\sonar-java-api-3.4.1.jar;F:\Repository\repo\com\google\code\gson\gson\2.2.2\gson-2.2.2.jar;F:\Repository\repo\com\h2database\h2\1.3.167\h2-1.3.167.jar;"/>
    <property name="java.vm.specification.version" value="1.0"/>
    <property name="sun.arch.data.model" value="32"/>
    <property name="java.home" value="c:\Java\jre"/>
    <property name="java.specification.vendor" value="Sun Microsystems Inc."/>
    <property name="user.language" value="en"/>
    <property name="awt.toolkit" value="sun.awt.windows.WToolkit"/>
    <property name="java.vm.info" value="mixed mode, sharing"/>
    <property name="java.version" value="1.6.0_23"/>
    <property name="java.ext.dirs" value="c:\Java\jre\lib\ext;C:\Windows\Sun\Java\lib\ext"/>
    <property name="sun.boot.class.path" value="c:\Java\jre\lib\resources.jar;c:\Java\jre\lib\rt.jar;c:\Java\jre\lib\sunrsasign.jar;c:\Java\jre\lib\jsse.jar;c:\Java\jre\lib\jce.jar;c:\Java\jre\lib\charsets.jar;c:\Java\jre\lib\modules\jdk.boot.jar;c:\Java\jre\classes"/>
    <property name="java.vendor" value="Sun Microsystems Inc."/>
    <property name="localRepository" value="F:\Repository\repo"/>
    <property name="file.separator" value="\"/>
    <property name="java.vendor.url.bug" value="http://java.sun.com/cgi-bin/bugreport.cgi"/>
    <property name="sun.cpu.endian" value="little"/>
    <property name="sun.io.unicode.encoding" value="UnicodeLittle"/>
    <property name="sun.desktop" value="windows"/>
    <property name="sun.cpu.isalist" value="pentium_pro+mmx pentium_pro pentium+mmx pentium i486 i386 i86"/>
  </properties>
  <testcase time="0.005" classname="com.validator.common.validation.TestGeneralValidators" name="initializationError">
    <error message="No runnable methods" type="java.lang.Exception">java.lang.Exception: No runnable methods
	at org.junit.runners.BlockJUnit4ClassRunner.validateInstanceMethods(BlockJUnit4ClassRunner.java:166)
	at org.junit.runners.BlockJUnit4ClassRunner.collectInitializationErrors(BlockJUnit4ClassRunner.java:102)
	at org.junit.runners.ParentRunner.validate(ParentRunner.java:344)
	at org.junit.runners.ParentRunner.&lt;init&gt;(ParentRunner.java:74)
	at org.junit.runners.BlockJUnit4ClassRunner.&lt;init&gt;(BlockJUnit4ClassRunner.java:55)
	at org.junit.internal.builders.JUnit4Builder.runnerForClass(JUnit4Builder.java:13)
	at org.junit.runners.model.RunnerBuilder.safeRunnerForClass(RunnerBuilder.java:57)
	at org.junit.internal.builders.AllDefaultPossibilitiesBuilder.runnerForClass(AllDefaultPossibilitiesBuilder.java:29)
	at org.junit.runners.model.RunnerBuilder.safeRunnerForClass(RunnerBuilder.java:57)
	at org.junit.internal.requests.ClassRequest.getRunner(ClassRequest.java:24)
	at org.apache.maven.surefire.junit4.JUnit4TestSet.&lt;init&gt;(JUnit4TestSet.java:45)
	at org.apache.maven.surefire.junit4.JUnit4DirectoryTestSuite.createTestSet(JUnit4DirectoryTestSuite.java:56)
	at org.apache.maven.surefire.suite.AbstractDirectoryTestSuite.locateTestSets(AbstractDirectoryTestSuite.java:96)
	at org.apache.maven.surefire.Surefire.createSuiteFromDefinition(Surefire.java:209)
	at org.apache.maven.surefire.Surefire.run(Surefire.java:156)
	at sun.reflect.NativeMethodAccessorImpl.invoke0(Native Method)
	at sun.reflect.NativeMethodAccessorImpl.invoke(NativeMethodAccessorImpl.java:39)
	at sun.reflect.DelegatingMethodAccessorImpl.invoke(DelegatingMethodAccessorImpl.java:25)
	at java.lang.reflect.Method.invoke(Method.java:597)
	at org.apache.maven.surefire.booter.SurefireBooter.runSuitesInProcess(SurefireBooter.java:345)
	at org.apache.maven.surefire.booter.SurefireBooter.main(SurefireBooter.java:1009)
</error>
  </testcase>
</testsuite>